mktextfm Calibri
mktextfm Calibri
mktextfm Calibri
mktextfm Calibri/BI
mktextfm Calibri
mktextfm Calibri/B
mktextfm Calibri
mktextfm Calibri/I
mktextfm Calibri
mktextfm Calibri
mktextfm Calibri
mktextfm Calibri
mktextfm Calibri
mktextfm Calibri
mktextfm Calibri
mktextfm Calibri
mktextfm Arial
mktextfm Arial
mktextfm Arial
mktextfm Arial/BI
mktextfm Arial
mktextfm Arial/B
mktextfm Arial
mktextfm Arial/I
mktextfm Arial
mktextfm Arial
mktextfm Arial
mktextfm Arial
mktextfm Arial
mktextfm Arial
mktextfm Arial
mktextfm Arial
