This is XeTeX, Version 3.141592653-2.6-0.999995 (TeX Live 2023/nixos.org) (preloaded format=xelatex 1980.1.1)  4 NOV 2024 15:19
entering extended mode
 restricted \write18 enabled.
 %&-line parsing enabled.
**references.tex
(./references.tex
LaTeX2e <2023-11-01> patch level 1
L3 programming layer <2024-02-20>
(./res.cls
Document Style `res' <26 Sep 89>.
Document Class: res 2000/05/19 v1.4b Resume class

(/nix/store/xa87fg9kbj1i50jn3pzva3m0qzriz341-texlive-combined-medium-2023-final
-texmfdist/tex/latex/base/article.cls
Document Class: article 2023/05/17 v1.4n Standard LaTeX document class

(/nix/store/xa87fg9kbj1i50jn3pzva3m0qzriz341-texlive-combined-medium-2023-final
-texmfdist/tex/latex/base/size10.clo
File: size10.clo 2023/05/17 v1.4n Standard LaTeX file (size option)
)
\c@part=\count184
\c@section=\count185
\c@subsection=\count186
\c@subsubsection=\count187
\c@paragraph=\count188
\c@subparagraph=\count189
\c@figure=\count190
\c@table=\count191
\abovecaptionskip=\skip48
\belowcaptionskip=\skip49
\bibindent=\dimen140
)
No auxiliary output files.

\tabular@text=\toks17
\tabular@head=\toks18
\tabular@tail=\toks19
\@ta=\toks20
\undefined@token=\toks21
\sectionwidth=\dimen141
\sectionskip=\skip50
\resumewidth=\dimen142
\@columnwidth=\dimen143
\c@numberofcolumns=\count192
)
(/nix/store/xa87fg9kbj1i50jn3pzva3m0qzriz341-texlive-combined-medium-2023-final
-texmfdist/tex/latex/setspace/setspace.sty
Package: setspace 2022/12/04 v6.7b set line spacing
)
(/nix/store/xa87fg9kbj1i50jn3pzva3m0qzriz341-texlive-combined-medium-2023-final
-texmfdist/tex/latex/l3backend/l3backend-xetex.def
File: l3backend-xetex.def 2024-02-20 L3 backend support: XeTeX
\g__graphics_track_int=\count193
\l__pdf_internal_box=\box51
\g__pdf_backend_object_int=\count194
\g__pdf_backend_annotation_int=\count195
\g__pdf_backend_link_int=\count196
)
No file references.aux.
LaTeX Font Info:    Checking defaults for OML/cmm/m/it on input line 11.
LaTeX Font Info:    ... okay on input line 11.
LaTeX Font Info:    Checking defaults for OMS/cmsy/m/n on input line 11.
LaTeX Font Info:    ... okay on input line 11.
LaTeX Font Info:    Checking defaults for OT1/cmr/m/n on input line 11.
LaTeX Font Info:    ... okay on input line 11.
LaTeX Font Info:    Checking defaults for T1/cmr/m/n on input line 11.
LaTeX Font Info:    ... okay on input line 11.
LaTeX Font Info:    Checking defaults for TS1/cmr/m/n on input line 11.
LaTeX Font Info:    Trying to load font information for TS1+cmr on input line 1
1.

(/nix/store/xa87fg9kbj1i50jn3pzva3m0qzriz341-texlive-combined-medium-2023-final
-texmfdist/tex/latex/base/ts1cmr.fd
File: ts1cmr.fd 2023/04/13 v2.5m Standard LaTeX font definitions
)
LaTeX Font Info:    ... okay on input line 11.
LaTeX Font Info:    Checking defaults for TU/lmr/m/n on input line 11.
LaTeX Font Info:    ... okay on input line 11.
LaTeX Font Info:    Checking defaults for OMX/cmex/m/n on input line 11.
LaTeX Font Info:    ... okay on input line 11.
LaTeX Font Info:    Checking defaults for U/cmr/m/n on input line 11.
LaTeX Font Info:    ... okay on input line 11.
LaTeX Font Info:    External font `cmex10' loaded for size
(Font)              <7> on input line 24.
LaTeX Font Info:    External font `cmex10' loaded for size
(Font)              <5> on input line 24.
 [1

]
 ***********
LaTeX2e <2023-11-01> patch level 1
L3 programming layer <2024-02-20>
 ***********
 ) 
Here is how much of TeX's memory you used:
 617 strings out of 475980
 12846 string characters out of 5764322
 1922839 words of memory out of 5000000
 22784 multiletter control sequences out of 15000+600000
 558109 words of font info for 41 fonts, out of 8000000 for 9000
 430 hyphenation exceptions out of 8191
 49i,8n,52p,188b,178s stack positions out of 10000i,1000n,20000p,200000b,200000s

Output written on references.pdf (1 page).
